# JRE version: Java(TM) SE Runtime Environment 18.9 (11.0.9+7) (build 11.0.9+7-LTS)
# Java VM: Java HotSpot(TM) 64-Bit Server VM 18.9 (11.0.9+7-LTS, mixed mode, tiered, compressed oops, g1 gc, windows-amd64)
Heap:
 garbage-first heap   total 78848K, used 40468K [0x0000000082000000, 0x0000000100000000)
  region size 1024K, 16 young (16384K), 5 survivors (5120K)
 Metaspace       used 66697K, capacity 68849K, committed 69120K, reserved 1110016K
  class space    used 8595K, capacity 9435K, committed 9472K, reserved 1048576K
GC Heap History (10 events):
Event: 124.938 GC heap before
{Heap before GC invocations=24 (full 1):
 garbage-first heap   total 81920K, used 28791K [0x0000000082000000, 0x0000000100000000)
  region size 1024K, 6 young (6144K), 5 survivors (5120K)
 Metaspace       used 66351K, capacity 68480K, committed 68608K, reserved 1107968K
  class space    used 8559K, capacity 9381K, committed 9472K, reserved 1048576K
}
Event: 124.992 GC heap after
{Heap after GC invocations=25 (full 2):
 garbage-first heap   total 78848K, used 22941K [0x0000000082000000, 0x0000000100000000)
  region size 1024K, 0 young (0K), 0 survivors (0K)
 Metaspace       used 66348K, capacity 68474K, committed 68608K, reserved 1107968K
  class space    used 8558K, capacity 9379K, committed 9472K, reserved 1048576K
}
Event: 125.429 GC heap before
{Heap before GC invocations=25 (full 2):
 garbage-first heap   total 78848K, used 62877K [0x0000000082000000, 0x0000000100000000)
  region size 1024K, 39 young (39936K), 0 survivors (0K)
 Metaspace       used 66425K, capacity 68609K, committed 68864K, reserved 1107968K
  class space    used 8571K, capacity 9423K, committed 9472K, reserved 1048576K
}
Event: 125.433 GC heap after
{Heap after GC invocations=26 (full 2):
 garbage-first heap   total 78848K, used 24989K [0x0000000082000000, 0x0000000100000000)
  region size 1024K, 2 young (2048K), 2 survivors (2048K)
 Metaspace       used 66425K, capacity 68609K, committed 68864K, reserved 1107968K
  class space    used 8571K, capacity 9423K, committed 9472K, reserved 1048576K
}
Event: 125.543 GC heap before
{Heap before GC invocations=26 (full 2):
 garbage-first heap   total 78848K, used 62877K [0x0000000082000000, 0x0000000100000000)
  region size 1024K, 40 young (40960K), 2 survivors (2048K)
 Metaspace       used 66442K, capacity 68615K, committed 68864K, reserved 1107968K
  class space    used 8573K, capacity 9424K, committed 9472K, reserved 1048576K
}
Event: 125.547 GC heap after
{Heap after GC invocations=27 (full 2):
 garbage-first heap   total 78848K, used 25759K [0x0000000082000000, 0x0000000100000000)
  region size 1024K, 3 young (3072K), 3 survivors (3072K)
 Metaspace       used 66442K, capacity 68615K, committed 68864K, reserved 1107968K
  class space    used 8573K, capacity 9424K, committed 9472K, reserved 1048576K
}
Event: 125.782 GC heap before
{Heap before GC invocations=27 (full 2):
 garbage-first heap   total 78848K, used 62623K [0x0000000082000000, 0x0000000100000000)
  region size 1024K, 40 young (40960K), 3 survivors (3072K)
 Metaspace       used 66563K, capacity 68746K, committed 68864K, reserved 1107968K
  class space    used 8581K, capacity 9425K, committed 9472K, reserved 1048576K
}
Event: 125.789 GC heap after
{Heap after GC invocations=28 (full 2):
 garbage-first heap   total 78848K, used 27840K [0x0000000082000000, 0x0000000100000000)
  region size 1024K, 4 young (4096K), 4 survivors (4096K)
 Metaspace       used 66563K, capacity 68746K, committed 68864K, reserved 1107968K
  class space    used 8581K, capacity 9425K, committed 9472K, reserved 1048576K
}
Event: 125.971 GC heap before
{Heap before GC invocations=28 (full 2):
 garbage-first heap   total 78848K, used 62656K [0x0000000082000000, 0x0000000100000000)
  region size 1024K, 39 young (39936K), 4 survivors (4096K)
 Metaspace       used 66682K, capacity 68846K, committed 69120K, reserved 1110016K
  class space    used 8592K, capacity 9434K, committed 9472K, reserved 1048576K
}
Event: 125.977 GC heap after
{Heap after GC invocations=29 (full 2):
 garbage-first heap   total 78848K, used 30228K [0x0000000082000000, 0x0000000100000000)
  region size 1024K, 5 young (5120K), 5 survivors (5120K)
 Metaspace       used 66682K, capacity 68846K, committed 69120K, reserved 1110016K
  class space    used 8592K, capacity 9434K, committed 9472K, reserved 1048576K
}

